<?xml version="1.0" encoding="utf-8"?><testsuites><testsuite name="pytest" errors="0" failures="0" skipped="0" tests="15" time="20.594" timestamp="2023-06-15T18:37:35.860886" hostname="Thomas"><testcase classname="tests.tests fonctionnels.test_Implement_Points_Display_Board.TestBoard" name="test_displaying_points_board" time="7.870" /><testcase classname="tests.tests fonctionnels.test_full_user_route.TestFinal" name="test_displaying_points_board_without_login" time="4.870" /><testcase classname="tests.tests fonctionnels.test_full_user_route.TestFinal" name="test_login" time="3.192" /><testcase classname="tests.tests fonctionnels.test_full_user_route.TestFinal" name="test_purchase_route" time="4.285" /><testcase classname="tests.tests unitaires.test_login.TestLogin" name="test_correct_email_should_return_200_status_code" time="0.017" /><testcase classname="tests.tests unitaires.test_login.TestLogin" name="test_wrong_email_should_return_200_status_code" time="0.004" /><testcase classname="tests.tests unitaires.test_purchased.TestPurchase" name="test_more_than_club_points_should_return_error_message" time="0.002" /><testcase classname="tests.tests unitaires.test_purchased.TestPurchase" name="test_less_club_points_should_return_no_error_message" time="0.003" /><testcase classname="tests.tests unitaires.test_purchased.TestPurchase" name="test_equal_club_points_should_return_no_error_message" time="0.003" /><testcase classname="tests.tests unitaires.test_purchased.TestPurchase" name="test_book_more_12_places_should_return_error_message" time="0.002" /><testcase classname="tests.tests unitaires.test_purchased.TestPurchase" name="test_book_12_places_should_return_no_error_message" time="0.002" /><testcase classname="tests.tests unitaires.test_purchased.TestPurchase" name="test_book_less_12_places_should_return_no_error_message" time="0.002" /><testcase classname="tests.tests unitaires.test_purchased.TestPurchase" name="test_book_past_competition_should_return_error_message" time="0.007" /><testcase classname="tests.tests unitaires.test_purchased.TestPurchase" name="test_book_future_competition_should_not_return_error_message" time="0.004" /><testcase classname="tests.tests unitaires.test_purchased.TestPurchase" name="test_points_should_be_updated" time="0.004" /></testsuite></testsuites>